find_header: checking for sqlite3.h... -------------------- yes

"clang -o conftest -I/Users/shu/.rbenv/versions/2.0.0-p247/include/ruby-2.0.0/x86_64-darwin12.4.0 -I/Users/shu/.rbenv/versions/2.0.0-p247/include/ruby-2.0.0/ruby/backward -I/Users/shu/.rbenv/versions/2.0.0-p247/include/ruby-2.0.0 -I. -I'/Users/shu/.rbenv/versions/2.0.0-p247/include'  -D_XOPEN_SOURCE -D_DARWIN_C_SOURCE -D_DARWIN_UNLIMITED_SELECT -D_REENTRANT    -O3 -Wno-error=shorten-64-to-32  -pipe conftest.c  -L. -L/Users/shu/.rbenv/versions/2.0.0-p247/lib -L. -L'/Users/shu/.rbenv/versions/2.0.0-p247/lib'      -lruby-static  -lpthread -ldl -lobjc "
checked program was:
/* begin */
1: #include "ruby.h"
2: 
3: int main(int argc, char **argv)
4: {
5:   return 0;
6: }
/* end */

"clang -E -I/Users/shu/.rbenv/versions/2.0.0-p247/include/ruby-2.0.0/x86_64-darwin12.4.0 -I/Users/shu/.rbenv/versions/2.0.0-p247/include/ruby-2.0.0/ruby/backward -I/Users/shu/.rbenv/versions/2.0.0-p247/include/ruby-2.0.0 -I. -I'/Users/shu/.rbenv/versions/2.0.0-p247/include'  -D_XOPEN_SOURCE -D_DARWIN_C_SOURCE -D_DARWIN_UNLIMITED_SELECT -D_REENTRANT    -O3 -Wno-error=shorten-64-to-32  -pipe  conftest.c -o conftest.i"
checked program was:
/* begin */
1: #include "ruby.h"
2: 
3: #include <sqlite3.h>
/* end */

--------------------

find_library: checking for sqlite3_libversion_number() in -lsqlite3... -------------------- yes

"clang -o conftest -I/Users/shu/.rbenv/versions/2.0.0-p247/include/ruby-2.0.0/x86_64-darwin12.4.0 -I/Users/shu/.rbenv/versions/2.0.0-p247/include/ruby-2.0.0/ruby/backward -I/Users/shu/.rbenv/versions/2.0.0-p247/include/ruby-2.0.0 -I. -I'/Users/shu/.rbenv/versions/2.0.0-p247/include'  -D_XOPEN_SOURCE -D_DARWIN_C_SOURCE -D_DARWIN_UNLIMITED_SELECT -D_REENTRANT    -O3 -Wno-error=shorten-64-to-32  -pipe conftest.c  -L. -L/Users/shu/.rbenv/versions/2.0.0-p247/lib -L. -L'/Users/shu/.rbenv/versions/2.0.0-p247/lib'      -lruby-static -lsqlite3  -lpthread -ldl -lobjc "
conftest.c:5:57: error: use of undeclared identifier 'sqlite3_libversion_number'
int t(void) { void ((*volatile p)()); p = (void ((*)()))sqlite3_libversion_number; return 0; }
                                                        ^
1 error generated.
checked program was:
/* begin */
 1: #include "ruby.h"
 2: 
 3: /*top*/
 4: extern int t(void);
 5: int t(void) { void ((*volatile p)()); p = (void ((*)()))sqlite3_libversion_number; return 0; }
 6: int main(int argc, char **argv)
 7: {
 8:   if (argc > 1000000) {
 9:     printf("%p", &t);
10:   }
11: 
12:   return 0;
13: }
/* end */

"clang -o conftest -I/Users/shu/.rbenv/versions/2.0.0-p247/include/ruby-2.0.0/x86_64-darwin12.4.0 -I/Users/shu/.rbenv/versions/2.0.0-p247/include/ruby-2.0.0/ruby/backward -I/Users/shu/.rbenv/versions/2.0.0-p247/include/ruby-2.0.0 -I. -I'/Users/shu/.rbenv/versions/2.0.0-p247/include'  -D_XOPEN_SOURCE -D_DARWIN_C_SOURCE -D_DARWIN_UNLIMITED_SELECT -D_REENTRANT    -O3 -Wno-error=shorten-64-to-32  -pipe conftest.c  -L. -L/Users/shu/.rbenv/versions/2.0.0-p247/lib -L. -L'/Users/shu/.rbenv/versions/2.0.0-p247/lib'      -lruby-static -lsqlite3  -lpthread -ldl -lobjc "
conftest.c:5:15: warning: implicit declaration of function 'sqlite3_libversion_number' is invalid in C99 [-Wimplicit-function-declaration]
int t(void) { sqlite3_libversion_number(); return 0; }
              ^
1 warning generated.
checked program was:
/* begin */
 1: #include "ruby.h"
 2: 
 3: /*top*/
 4: extern int t(void);
 5: int t(void) { sqlite3_libversion_number(); return 0; }
 6: int main(int argc, char **argv)
 7: {
 8:   if (argc > 1000000) {
 9:     printf("%p", &t);
10:   }
11: 
12:   return 0;
13: }
/* end */

--------------------

have_func: checking for rb_proc_arity()... -------------------- yes

"clang -o conftest -I/Users/shu/.rbenv/versions/2.0.0-p247/include/ruby-2.0.0/x86_64-darwin12.4.0 -I/Users/shu/.rbenv/versions/2.0.0-p247/include/ruby-2.0.0/ruby/backward -I/Users/shu/.rbenv/versions/2.0.0-p247/include/ruby-2.0.0 -I. -I'/Users/shu/.rbenv/versions/2.0.0-p247/include'  -D_XOPEN_SOURCE -D_DARWIN_C_SOURCE -D_DARWIN_UNLIMITED_SELECT -D_REENTRANT    -O3 -Wno-error=shorten-64-to-32  -pipe conftest.c  -L. -L/Users/shu/.rbenv/versions/2.0.0-p247/lib -L. -L'/Users/shu/.rbenv/versions/2.0.0-p247/lib'     -lsqlite3  -lruby-static -lsqlite3  -lpthread -ldl -lobjc "
checked program was:
/* begin */
 1: #include "ruby.h"
 2: 
 3: /*top*/
 4: extern int t(void);
 5: int t(void) { void ((*volatile p)()); p = (void ((*)()))rb_proc_arity; return 0; }
 6: int main(int argc, char **argv)
 7: {
 8:   if (argc > 1000000) {
 9:     printf("%p", &t);
10:   }
11: 
12:   return 0;
13: }
/* end */

--------------------

have_func: checking for sqlite3_initialize()... -------------------- yes

"clang -o conftest -I/Users/shu/.rbenv/versions/2.0.0-p247/include/ruby-2.0.0/x86_64-darwin12.4.0 -I/Users/shu/.rbenv/versions/2.0.0-p247/include/ruby-2.0.0/ruby/backward -I/Users/shu/.rbenv/versions/2.0.0-p247/include/ruby-2.0.0 -I. -I'/Users/shu/.rbenv/versions/2.0.0-p247/include'  -D_XOPEN_SOURCE -D_DARWIN_C_SOURCE -D_DARWIN_UNLIMITED_SELECT -D_REENTRANT    -O3 -Wno-error=shorten-64-to-32  -pipe conftest.c  -L. -L/Users/shu/.rbenv/versions/2.0.0-p247/lib -L. -L'/Users/shu/.rbenv/versions/2.0.0-p247/lib'     -lsqlite3  -lruby-static -lsqlite3  -lpthread -ldl -lobjc "
conftest.c:5:57: error: use of undeclared identifier 'sqlite3_initialize'
int t(void) { void ((*volatile p)()); p = (void ((*)()))sqlite3_initialize; return 0; }
                                                        ^
1 error generated.
checked program was:
/* begin */
 1: #include "ruby.h"
 2: 
 3: /*top*/
 4: extern int t(void);
 5: int t(void) { void ((*volatile p)()); p = (void ((*)()))sqlite3_initialize; return 0; }
 6: int main(int argc, char **argv)
 7: {
 8:   if (argc > 1000000) {
 9:     printf("%p", &t);
10:   }
11: 
12:   return 0;
13: }
/* end */

"clang -o conftest -I/Users/shu/.rbenv/versions/2.0.0-p247/include/ruby-2.0.0/x86_64-darwin12.4.0 -I/Users/shu/.rbenv/versions/2.0.0-p247/include/ruby-2.0.0/ruby/backward -I/Users/shu/.rbenv/versions/2.0.0-p247/include/ruby-2.0.0 -I. -I'/Users/shu/.rbenv/versions/2.0.0-p247/include'  -D_XOPEN_SOURCE -D_DARWIN_C_SOURCE -D_DARWIN_UNLIMITED_SELECT -D_REENTRANT    -O3 -Wno-error=shorten-64-to-32  -pipe conftest.c  -L. -L/Users/shu/.rbenv/versions/2.0.0-p247/lib -L. -L'/Users/shu/.rbenv/versions/2.0.0-p247/lib'     -lsqlite3  -lruby-static -lsqlite3  -lpthread -ldl -lobjc "
conftest.c:5:15: warning: implicit declaration of function 'sqlite3_initialize' is invalid in C99 [-Wimplicit-function-declaration]
int t(void) { sqlite3_initialize(); return 0; }
              ^
1 warning generated.
checked program was:
/* begin */
 1: #include "ruby.h"
 2: 
 3: /*top*/
 4: extern int t(void);
 5: int t(void) { sqlite3_initialize(); return 0; }
 6: int main(int argc, char **argv)
 7: {
 8:   if (argc > 1000000) {
 9:     printf("%p", &t);
10:   }
11: 
12:   return 0;
13: }
/* end */

--------------------

have_func: checking for sqlite3_backup_init()... -------------------- yes

"clang -o conftest -I/Users/shu/.rbenv/versions/2.0.0-p247/include/ruby-2.0.0/x86_64-darwin12.4.0 -I/Users/shu/.rbenv/versions/2.0.0-p247/include/ruby-2.0.0/ruby/backward -I/Users/shu/.rbenv/versions/2.0.0-p247/include/ruby-2.0.0 -I. -I'/Users/shu/.rbenv/versions/2.0.0-p247/include'  -D_XOPEN_SOURCE -D_DARWIN_C_SOURCE -D_DARWIN_UNLIMITED_SELECT -D_REENTRANT    -O3 -Wno-error=shorten-64-to-32  -pipe conftest.c  -L. -L/Users/shu/.rbenv/versions/2.0.0-p247/lib -L. -L'/Users/shu/.rbenv/versions/2.0.0-p247/lib'     -lsqlite3  -lruby-static -lsqlite3  -lpthread -ldl -lobjc "
conftest.c:5:57: error: use of undeclared identifier 'sqlite3_backup_init'
int t(void) { void ((*volatile p)()); p = (void ((*)()))sqlite3_backup_init; return 0; }
                                                        ^
1 error generated.
checked program was:
/* begin */
 1: #include "ruby.h"
 2: 
 3: /*top*/
 4: extern int t(void);
 5: int t(void) { void ((*volatile p)()); p = (void ((*)()))sqlite3_backup_init; return 0; }
 6: int main(int argc, char **argv)
 7: {
 8:   if (argc > 1000000) {
 9:     printf("%p", &t);
10:   }
11: 
12:   return 0;
13: }
/* end */

"clang -o conftest -I/Users/shu/.rbenv/versions/2.0.0-p247/include/ruby-2.0.0/x86_64-darwin12.4.0 -I/Users/shu/.rbenv/versions/2.0.0-p247/include/ruby-2.0.0/ruby/backward -I/Users/shu/.rbenv/versions/2.0.0-p247/include/ruby-2.0.0 -I. -I'/Users/shu/.rbenv/versions/2.0.0-p247/include'  -D_XOPEN_SOURCE -D_DARWIN_C_SOURCE -D_DARWIN_UNLIMITED_SELECT -D_REENTRANT    -O3 -Wno-error=shorten-64-to-32  -pipe conftest.c  -L. -L/Users/shu/.rbenv/versions/2.0.0-p247/lib -L. -L'/Users/shu/.rbenv/versions/2.0.0-p247/lib'     -lsqlite3  -lruby-static -lsqlite3  -lpthread -ldl -lobjc "
conftest.c:5:15: warning: implicit declaration of function 'sqlite3_backup_init' is invalid in C99 [-Wimplicit-function-declaration]
int t(void) { sqlite3_backup_init(); return 0; }
              ^
1 warning generated.
checked program was:
/* begin */
 1: #include "ruby.h"
 2: 
 3: /*top*/
 4: extern int t(void);
 5: int t(void) { sqlite3_backup_init(); return 0; }
 6: int main(int argc, char **argv)
 7: {
 8:   if (argc > 1000000) {
 9:     printf("%p", &t);
10:   }
11: 
12:   return 0;
13: }
/* end */

--------------------

have_func: checking for sqlite3_column_database_name()... -------------------- no

"clang -o conftest -I/Users/shu/.rbenv/versions/2.0.0-p247/include/ruby-2.0.0/x86_64-darwin12.4.0 -I/Users/shu/.rbenv/versions/2.0.0-p247/include/ruby-2.0.0/ruby/backward -I/Users/shu/.rbenv/versions/2.0.0-p247/include/ruby-2.0.0 -I. -I'/Users/shu/.rbenv/versions/2.0.0-p247/include'  -D_XOPEN_SOURCE -D_DARWIN_C_SOURCE -D_DARWIN_UNLIMITED_SELECT -D_REENTRANT    -O3 -Wno-error=shorten-64-to-32  -pipe conftest.c  -L. -L/Users/shu/.rbenv/versions/2.0.0-p247/lib -L. -L'/Users/shu/.rbenv/versions/2.0.0-p247/lib'     -lsqlite3  -lruby-static -lsqlite3  -lpthread -ldl -lobjc "
conftest.c:5:57: error: use of undeclared identifier 'sqlite3_column_database_name'
int t(void) { void ((*volatile p)()); p = (void ((*)()))sqlite3_column_database_name; return 0; }
                                                        ^
1 error generated.
checked program was:
/* begin */
 1: #include "ruby.h"
 2: 
 3: /*top*/
 4: extern int t(void);
 5: int t(void) { void ((*volatile p)()); p = (void ((*)()))sqlite3_column_database_name; return 0; }
 6: int main(int argc, char **argv)
 7: {
 8:   if (argc > 1000000) {
 9:     printf("%p", &t);
10:   }
11: 
12:   return 0;
13: }
/* end */

"clang -o conftest -I/Users/shu/.rbenv/versions/2.0.0-p247/include/ruby-2.0.0/x86_64-darwin12.4.0 -I/Users/shu/.rbenv/versions/2.0.0-p247/include/ruby-2.0.0/ruby/backward -I/Users/shu/.rbenv/versions/2.0.0-p247/include/ruby-2.0.0 -I. -I'/Users/shu/.rbenv/versions/2.0.0-p247/include'  -D_XOPEN_SOURCE -D_DARWIN_C_SOURCE -D_DARWIN_UNLIMITED_SELECT -D_REENTRANT    -O3 -Wno-error=shorten-64-to-32  -pipe conftest.c  -L. -L/Users/shu/.rbenv/versions/2.0.0-p247/lib -L. -L'/Users/shu/.rbenv/versions/2.0.0-p247/lib'     -lsqlite3  -lruby-static -lsqlite3  -lpthread -ldl -lobjc "
conftest.c:5:15: warning: implicit declaration of function 'sqlite3_column_database_name' is invalid in C99 [-Wimplicit-function-declaration]
int t(void) { sqlite3_column_database_name(); return 0; }
              ^
1 warning generated.
Undefined symbols for architecture x86_64:
  "_sqlite3_column_database_name", referenced from:
      _t in conftest-AtePxH.o
ld: symbol(s) not found for architecture x86_64
clang: error: linker command failed with exit code 1 (use -v to see invocation)
checked program was:
/* begin */
 1: #include "ruby.h"
 2: 
 3: /*top*/
 4: extern int t(void);
 5: int t(void) { sqlite3_column_database_name(); return 0; }
 6: int main(int argc, char **argv)
 7: {
 8:   if (argc > 1000000) {
 9:     printf("%p", &t);
10:   }
11: 
12:   return 0;
13: }
/* end */

--------------------

have_func: checking for sqlite3_enable_load_extension()... -------------------- no

"clang -o conftest -I/Users/shu/.rbenv/versions/2.0.0-p247/include/ruby-2.0.0/x86_64-darwin12.4.0 -I/Users/shu/.rbenv/versions/2.0.0-p247/include/ruby-2.0.0/ruby/backward -I/Users/shu/.rbenv/versions/2.0.0-p247/include/ruby-2.0.0 -I. -I'/Users/shu/.rbenv/versions/2.0.0-p247/include'  -D_XOPEN_SOURCE -D_DARWIN_C_SOURCE -D_DARWIN_UNLIMITED_SELECT -D_REENTRANT    -O3 -Wno-error=shorten-64-to-32  -pipe conftest.c  -L. -L/Users/shu/.rbenv/versions/2.0.0-p247/lib -L. -L'/Users/shu/.rbenv/versions/2.0.0-p247/lib'     -lsqlite3  -lruby-static -lsqlite3  -lpthread -ldl -lobjc "
conftest.c:5:57: error: use of undeclared identifier 'sqlite3_enable_load_extension'
int t(void) { void ((*volatile p)()); p = (void ((*)()))sqlite3_enable_load_extension; return 0; }
                                                        ^
1 error generated.
checked program was:
/* begin */
 1: #include "ruby.h"
 2: 
 3: /*top*/
 4: extern int t(void);
 5: int t(void) { void ((*volatile p)()); p = (void ((*)()))sqlite3_enable_load_extension; return 0; }
 6: int main(int argc, char **argv)
 7: {
 8:   if (argc > 1000000) {
 9:     printf("%p", &t);
10:   }
11: 
12:   return 0;
13: }
/* end */

"clang -o conftest -I/Users/shu/.rbenv/versions/2.0.0-p247/include/ruby-2.0.0/x86_64-darwin12.4.0 -I/Users/shu/.rbenv/versions/2.0.0-p247/include/ruby-2.0.0/ruby/backward -I/Users/shu/.rbenv/versions/2.0.0-p247/include/ruby-2.0.0 -I. -I'/Users/shu/.rbenv/versions/2.0.0-p247/include'  -D_XOPEN_SOURCE -D_DARWIN_C_SOURCE -D_DARWIN_UNLIMITED_SELECT -D_REENTRANT    -O3 -Wno-error=shorten-64-to-32  -pipe conftest.c  -L. -L/Users/shu/.rbenv/versions/2.0.0-p247/lib -L. -L'/Users/shu/.rbenv/versions/2.0.0-p247/lib'     -lsqlite3  -lruby-static -lsqlite3  -lpthread -ldl -lobjc "
conftest.c:5:15: warning: implicit declaration of function 'sqlite3_enable_load_extension' is invalid in C99 [-Wimplicit-function-declaration]
int t(void) { sqlite3_enable_load_extension(); return 0; }
              ^
1 warning generated.
Undefined symbols for architecture x86_64:
  "_sqlite3_enable_load_extension", referenced from:
      _t in conftest-mgjExO.o
ld: symbol(s) not found for architecture x86_64
clang: error: linker command failed with exit code 1 (use -v to see invocation)
checked program was:
/* begin */
 1: #include "ruby.h"
 2: 
 3: /*top*/
 4: extern int t(void);
 5: int t(void) { sqlite3_enable_load_extension(); return 0; }
 6: int main(int argc, char **argv)
 7: {
 8:   if (argc > 1000000) {
 9:     printf("%p", &t);
10:   }
11: 
12:   return 0;
13: }
/* end */

--------------------

have_func: checking for sqlite3_load_extension()... -------------------- no

"clang -o conftest -I/Users/shu/.rbenv/versions/2.0.0-p247/include/ruby-2.0.0/x86_64-darwin12.4.0 -I/Users/shu/.rbenv/versions/2.0.0-p247/include/ruby-2.0.0/ruby/backward -I/Users/shu/.rbenv/versions/2.0.0-p247/include/ruby-2.0.0 -I. -I'/Users/shu/.rbenv/versions/2.0.0-p247/include'  -D_XOPEN_SOURCE -D_DARWIN_C_SOURCE -D_DARWIN_UNLIMITED_SELECT -D_REENTRANT    -O3 -Wno-error=shorten-64-to-32  -pipe conftest.c  -L. -L/Users/shu/.rbenv/versions/2.0.0-p247/lib -L. -L'/Users/shu/.rbenv/versions/2.0.0-p247/lib'     -lsqlite3  -lruby-static -lsqlite3  -lpthread -ldl -lobjc "
conftest.c:5:57: error: use of undeclared identifier 'sqlite3_load_extension'
int t(void) { void ((*volatile p)()); p = (void ((*)()))sqlite3_load_extension; return 0; }
                                                        ^
1 error generated.
checked program was:
/* begin */
 1: #include "ruby.h"
 2: 
 3: /*top*/
 4: extern int t(void);
 5: int t(void) { void ((*volatile p)()); p = (void ((*)()))sqlite3_load_extension; return 0; }
 6: int main(int argc, char **argv)
 7: {
 8:   if (argc > 1000000) {
 9:     printf("%p", &t);
10:   }
11: 
12:   return 0;
13: }
/* end */

"clang -o conftest -I/Users/shu/.rbenv/versions/2.0.0-p247/include/ruby-2.0.0/x86_64-darwin12.4.0 -I/Users/shu/.rbenv/versions/2.0.0-p247/include/ruby-2.0.0/ruby/backward -I/Users/shu/.rbenv/versions/2.0.0-p247/include/ruby-2.0.0 -I. -I'/Users/shu/.rbenv/versions/2.0.0-p247/include'  -D_XOPEN_SOURCE -D_DARWIN_C_SOURCE -D_DARWIN_UNLIMITED_SELECT -D_REENTRANT    -O3 -Wno-error=shorten-64-to-32  -pipe conftest.c  -L. -L/Users/shu/.rbenv/versions/2.0.0-p247/lib -L. -L'/Users/shu/.rbenv/versions/2.0.0-p247/lib'     -lsqlite3  -lruby-static -lsqlite3  -lpthread -ldl -lobjc "
conftest.c:5:15: warning: implicit declaration of function 'sqlite3_load_extension' is invalid in C99 [-Wimplicit-function-declaration]
int t(void) { sqlite3_load_extension(); return 0; }
              ^
1 warning generated.
Undefined symbols for architecture x86_64:
  "_sqlite3_load_extension", referenced from:
      _t in conftest-Yd4UTD.o
ld: symbol(s) not found for architecture x86_64
clang: error: linker command failed with exit code 1 (use -v to see invocation)
checked program was:
/* begin */
 1: #include "ruby.h"
 2: 
 3: /*top*/
 4: extern int t(void);
 5: int t(void) { sqlite3_load_extension(); return 0; }
 6: int main(int argc, char **argv)
 7: {
 8:   if (argc > 1000000) {
 9:     printf("%p", &t);
10:   }
11: 
12:   return 0;
13: }
/* end */

--------------------

